running develop
running egg_info
writing youbot_control.egg-info/PKG-INFO
writing dependency_links to youbot_control.egg-info/dependency_links.txt
writing entry points to youbot_control.egg-info/entry_points.txt
writing requirements to youbot_control.egg-info/requires.txt
writing top-level names to youbot_control.egg-info/top_level.txt
reading manifest file 'youbot_control.egg-info/SOURCES.txt'
writing manifest file 'youbot_control.egg-info/SOURCES.txt'
running build_ext
Creating /home/timoha/weebots_ws/install/youbot_control/lib/python3.10/site-packages/youbot-control.egg-link (link to .)
Installing youbot_driver script to /home/timoha/weebots_ws/install/youbot_control/lib/youbot_control

Installed /home/timoha/weebots_ws/build/youbot_control
running symlink_data
symbolically linking /home/timoha/weebots_ws/build/youbot_control/resource/youbot_control -> /home/timoha/weebots_ws/install/youbot_control/share/ament_index/resource_index/packages
symbolically linking /home/timoha/weebots_ws/build/youbot_control/package.xml -> /home/timoha/weebots_ws/install/youbot_control/share/youbot_control
creating /home/timoha/weebots_ws/install/youbot_control/share/youbot_control/launch
symbolically linking /home/timoha/weebots_ws/build/youbot_control/launch/robot_launch.py -> /home/timoha/weebots_ws/install/youbot_control/share/youbot_control/launch
creating /home/timoha/weebots_ws/install/youbot_control/share/youbot_control/worlds
symbolically linking /home/timoha/weebots_ws/build/youbot_control/worlds/youbot.wbt -> /home/timoha/weebots_ws/install/youbot_control/share/youbot_control/worlds
creating /home/timoha/weebots_ws/install/youbot_control/share/youbot_control/resource
symbolically linking /home/timoha/weebots_ws/build/youbot_control/resource/youbot.urdf -> /home/timoha/weebots_ws/install/youbot_control/share/youbot_control/resource
