[0.628s] Invoking command in '/home/timoha/weebots_ws/build/youbot_control': PYTHONPATH=/home/timoha/weebots_ws/build/youbot_control/prefix_override:/usr/lib/python3/dist-packages/colcon_core/task/python/colcon_distutils_commands:/home/timoha/weebots_ws/install/youbot_control/lib/python3.10/site-packages:${PYTHONPATH} /usr/bin/python3 -W ignore:setup.py install is deprecated -W ignore:easy_install command is deprecated setup.py develop --editable --build-directory /home/timoha/weebots_ws/build/youbot_control/build --no-deps symlink_data
[0.870s] running develop
[1.050s] running egg_info
[1.050s] writing youbot_control.egg-info/PKG-INFO
[1.050s] writing dependency_links to youbot_control.egg-info/dependency_links.txt
[1.050s] writing entry points to youbot_control.egg-info/entry_points.txt
[1.050s] writing requirements to youbot_control.egg-info/requires.txt
[1.050s] writing top-level names to youbot_control.egg-info/top_level.txt
[1.051s] reading manifest file 'youbot_control.egg-info/SOURCES.txt'
[1.052s] writing manifest file 'youbot_control.egg-info/SOURCES.txt'
[1.081s] running build_ext
[1.081s] Creating /home/timoha/weebots_ws/install/youbot_control/lib/python3.10/site-packages/youbot-control.egg-link (link to .)
[1.082s] Installing youbot_driver script to /home/timoha/weebots_ws/install/youbot_control/lib/youbot_control
[1.082s] 
[1.082s] Installed /home/timoha/weebots_ws/build/youbot_control
[1.082s] running symlink_data
[1.082s] symbolically linking /home/timoha/weebots_ws/build/youbot_control/resource/youbot_control -> /home/timoha/weebots_ws/install/youbot_control/share/ament_index/resource_index/packages
[1.082s] symbolically linking /home/timoha/weebots_ws/build/youbot_control/package.xml -> /home/timoha/weebots_ws/install/youbot_control/share/youbot_control
[1.082s] creating /home/timoha/weebots_ws/install/youbot_control/share/youbot_control/launch
[1.082s] symbolically linking /home/timoha/weebots_ws/build/youbot_control/launch/robot_launch.py -> /home/timoha/weebots_ws/install/youbot_control/share/youbot_control/launch
[1.082s] creating /home/timoha/weebots_ws/install/youbot_control/share/youbot_control/worlds
[1.082s] symbolically linking /home/timoha/weebots_ws/build/youbot_control/worlds/youbot.wbt -> /home/timoha/weebots_ws/install/youbot_control/share/youbot_control/worlds
[1.082s] creating /home/timoha/weebots_ws/install/youbot_control/share/youbot_control/resource
[1.082s] symbolically linking /home/timoha/weebots_ws/build/youbot_control/resource/youbot.urdf -> /home/timoha/weebots_ws/install/youbot_control/share/youbot_control/resource
[1.116s] Invoked command in '/home/timoha/weebots_ws/build/youbot_control' returned '0': PYTHONPATH=/home/timoha/weebots_ws/build/youbot_control/prefix_override:/usr/lib/python3/dist-packages/colcon_core/task/python/colcon_distutils_commands:/home/timoha/weebots_ws/install/youbot_control/lib/python3.10/site-packages:${PYTHONPATH} /usr/bin/python3 -W ignore:setup.py install is deprecated -W ignore:easy_install command is deprecated setup.py develop --editable --build-directory /home/timoha/weebots_ws/build/youbot_control/build --no-deps symlink_data
