running develop
Removing /home/timoha/weebots_ws/install/youbot_control/lib/python3.10/site-packages/youbot-control.egg-link (link to .)
running egg_info
writing ../../build/youbot_control/youbot_control.egg-info/PKG-INFO
writing dependency_links to ../../build/youbot_control/youbot_control.egg-info/dependency_links.txt
writing entry points to ../../build/youbot_control/youbot_control.egg-info/entry_points.txt
writing requirements to ../../build/youbot_control/youbot_control.egg-info/requires.txt
writing top-level names to ../../build/youbot_control/youbot_control.egg-info/top_level.txt
reading manifest file '../../build/youbot_control/youbot_control.egg-info/SOURCES.txt'
writing manifest file '../../build/youbot_control/youbot_control.egg-info/SOURCES.txt'
running build
running build_py
creating /home/timoha/weebots_ws/build/youbot_control/build
creating /home/timoha/weebots_ws/build/youbot_control/build/lib
creating /home/timoha/weebots_ws/build/youbot_control/build/lib/youbot_control
copying youbot_control/__init__.py -> /home/timoha/weebots_ws/build/youbot_control/build/lib/youbot_control
copying youbot_control/youbot_driver.py -> /home/timoha/weebots_ws/build/youbot_control/build/lib/youbot_control
running install
running install_lib
creating /home/timoha/weebots_ws/install/youbot_control/lib/python3.10/site-packages/youbot_control
copying /home/timoha/weebots_ws/build/youbot_control/build/lib/youbot_control/__init__.py -> /home/timoha/weebots_ws/install/youbot_control/lib/python3.10/site-packages/youbot_control
copying /home/timoha/weebots_ws/build/youbot_control/build/lib/youbot_control/youbot_driver.py -> /home/timoha/weebots_ws/install/youbot_control/lib/python3.10/site-packages/youbot_control
byte-compiling /home/timoha/weebots_ws/install/youbot_control/lib/python3.10/site-packages/youbot_control/__init__.py to __init__.cpython-310.pyc
byte-compiling /home/timoha/weebots_ws/install/youbot_control/lib/python3.10/site-packages/youbot_control/youbot_driver.py to youbot_driver.cpython-310.pyc
running install_data
copying resource/youbot_control -> /home/timoha/weebots_ws/install/youbot_control/share/ament_index/resource_index/packages
copying package.xml -> /home/timoha/weebots_ws/install/youbot_control/share/youbot_control
copying launch/robot_launch.py -> /home/timoha/weebots_ws/install/youbot_control/share/youbot_control/launch
copying worlds/youbot.wbt -> /home/timoha/weebots_ws/install/youbot_control/share/youbot_control/worlds
copying resource/youbot.urdf -> /home/timoha/weebots_ws/install/youbot_control/share/youbot_control/resource
copying package.xml -> /home/timoha/weebots_ws/install/youbot_control/share/youbot_control
running install_egg_info
Copying ../../build/youbot_control/youbot_control.egg-info to /home/timoha/weebots_ws/install/youbot_control/lib/python3.10/site-packages/youbot_control-0.0.0-py3.10.egg-info
running install_scripts
Installing youbot_driver script to /home/timoha/weebots_ws/install/youbot_control/lib/youbot_control
writing list of installed files to '/home/timoha/weebots_ws/build/youbot_control/install.log'
